<?xml version="1.0" encoding="UTF-8"?>
<!-- Generated by org.testng.reporters.JUnitXMLReporter -->
<testsuite ignored="9" hostname="LIN-5CD53086Y4" failures="0" tests="1" name="Default test" time="3.165" errors="0" timestamp="2025-09-24T14:05:55 IST">
  <testcase classname="RestAssuredDemo" name="getUserInfoUsingBearerToken" time="3.108"/>
  <testcase classname="RestAssuredDemo" name="generateToken" time="0.0">
    <ignored/>
  </testcase> <!-- generateToken -->
  <testcase classname="RestAssuredDemo" name="addBook" time="0.0">
    <ignored/>
  </testcase> <!-- addBook -->
  <testcase classname="RestAssuredDemo" name="getUserInfoUsingBasic" time="0.0">
    <ignored/>
  </testcase> <!-- getUserInfoUsingBasic -->
  <testcase classname="RestAssuredDemo" name="getBookUsingISBN" time="0.0">
    <ignored/>
  </testcase> <!-- getBookUsingISBN -->
  <testcase classname="RestAssuredDemo" name="putBookReplaceISBN" time="0.0">
    <ignored/>
  </testcase> <!-- putBookReplaceISBN -->
  <testcase classname="RestAssuredDemo" name="verifyAuthorization" time="0.0">
    <ignored/>
  </testcase> <!-- verifyAuthorization -->
  <testcase classname="RestAssuredDemo" name="getBookList" time="0.0">
    <ignored/>
  </testcase> <!-- getBookList -->
  <testcase classname="RestAssuredDemo" name="addUser" time="0.0">
    <ignored/>
  </testcase> <!-- addUser -->
  <testcase classname="RestAssuredDemo" name="deleteUser" time="0.0">
    <ignored/>
  </testcase> <!-- deleteUser -->
</testsuite> <!-- Default test -->
