<?xml version="1.0" encoding="UTF-8"?>
<testng-results ignored="0" total="1" passed="1" failed="0" skipped="0">
  <reporter-output>
  </reporter-output>
  <suite started-at="2025-11-05T16:00:31 IST" name="Default suite" finished-at="2025-11-05T16:00:33 IST" duration-ms="1551">
    <groups>
    </groups>
    <test started-at="2025-11-05T16:00:31 IST" name="Default test" finished-at="2025-11-05T16:00:33 IST" duration-ms="1551">
      <class name="com.practice.rahulshetty.SumValidation">
        <test-method signature="sumOfCourses()[pri:0, instance:com.practice.rahulshetty.SumValidation@6069db50]" started-at="2025-11-05T16:00:31 IST" name="sumOfCourses" finished-at="2025-11-05T16:00:33 IST" duration-ms="1495" status="PASS">
          <reporter-output>
          </reporter-output>
        </test-method> <!-- sumOfCourses -->
      </class> <!-- com.practice.rahulshetty.SumValidation -->
    </test> <!-- Default test -->
  </suite> <!-- Default suite -->
</testng-results>
