<?xml version="1.0" encoding="UTF-8"?>
<testng-results ignored="0" total="1" passed="1" failed="0" skipped="0">
  <reporter-output>
  </reporter-output>
  <suite started-at="2025-11-11T15:57:59 IST" name="Default suite" finished-at="2025-11-11T15:58:04 IST" duration-ms="5188">
    <groups>
    </groups>
    <test started-at="2025-11-11T15:57:59 IST" name="Default test" finished-at="2025-11-11T15:58:04 IST" duration-ms="5188">
      <class name="com.selenium.QETFSSeleniumOctober29.Assertions">
        <test-method signature="verifyTextBox()[pri:0, instance:com.selenium.QETFSSeleniumOctober29.Assertions@dbf57b3]" started-at="2025-11-11T15:57:59 IST" name="verifyTextBox" finished-at="2025-11-11T15:58:04 IST" duration-ms="5132" status="PASS">
          <reporter-output>
          </reporter-output>
        </test-method> <!-- verifyTextBox -->
      </class> <!-- com.selenium.QETFSSeleniumOctober29.Assertions -->
    </test> <!-- Default test -->
  </suite> <!-- Default suite -->
</testng-results>
