<?xml version="1.0" encoding="UTF-8"?>
<!-- Generated by org.testng.reporters.JUnitReportReporter -->
<testsuite hostname="LIN-5CD53086Y4" failures="0" tests="3" name="com.practice.rahulshetty.DynamicJson" time="3.852" errors="0" timestamp="2025-11-05T15:47:14 IST" skipped="0">
  <testcase classname="com.practice.rahulshetty.DynamicJson" name="addBook" time="0.182"/>
  <testcase classname="com.practice.rahulshetty.DynamicJson" name="addBook" time="0.466"/>
  <testcase classname="com.practice.rahulshetty.DynamicJson" name="addBook" time="3.204"/>
</testsuite> <!-- com.practice.rahulshetty.DynamicJson -->
