<?xml version="1.0" encoding="UTF-8"?>
<testng-results ignored="9" total="10" passed="1" failed="0" skipped="0">
  <reporter-output>
  </reporter-output>
  <suite started-at="2025-09-24T14:05:52 IST" name="Default suite" finished-at="2025-09-24T14:05:55 IST" duration-ms="3165">
    <groups>
    </groups>
    <test started-at="2025-09-24T14:05:52 IST" name="Default test" finished-at="2025-09-24T14:05:55 IST" duration-ms="3165">
      <class name="RestAssuredDemo">
        <test-method signature="getUserInfoUsingBearerToken()[pri:0, instance:RestAssuredDemo@9597028]" started-at="2025-09-24T14:05:52 IST" name="getUserInfoUsingBearerToken" finished-at="2025-09-24T14:05:55 IST" duration-ms="3108" status="PASS">
          <reporter-output>
          </reporter-output>
        </test-method> <!-- getUserInfoUsingBearerToken -->
      </class> <!-- RestAssuredDemo -->
    </test> <!-- Default test -->
  </suite> <!-- Default suite -->
</testng-results>
