<?xml version="1.0" encoding="UTF-8"?>
<!-- Generated by org.testng.reporters.JUnitReportReporter -->
<testsuite hostname="LIN-5CD53086Y4" failures="0" tests="2" name="com.selenium.QETFSSeleniumOctober29.TestNgAnnotationEg" time="6.716" errors="0" timestamp="2025-11-11T15:05:52 IST" skipped="0">
  <testcase classname="com.selenium.QETFSSeleniumOctober29.TestNgAnnotationEg" name="testTextBox1" time="6.113"/>
  <system-out/>
  <testcase classname="com.selenium.QETFSSeleniumOctober29.TestNgAnnotationEg" name="testTextBox2" time="0.603"/>
  <system-out/>
</testsuite> <!-- com.selenium.QETFSSeleniumOctober29.TestNgAnnotationEg -->
